<?xml version="1.0" encoding="UTF-8"?>
<testng-results ignored="0" total="1" passed="1" failed="0" skipped="0">
  <reporter-output>
  </reporter-output>
  <suite started-at="2026-05-22T16:48:03 IST" name="Default suite" finished-at="2026-05-22T16:48:06 IST" duration-ms="2648">
    <groups>
    </groups>
    <test started-at="2026-05-22T16:48:03 IST" name="Default test" finished-at="2026-05-22T16:48:06 IST" duration-ms="2648">
      <class name="TestQuestions.NewLoginTest">
        <test-method signature="verifyTitle()[pri:0, instance:TestQuestions.NewLoginTest@5f058f00]" started-at="2026-05-22T16:48:03 IST" name="verifyTitle" finished-at="2026-05-22T16:48:06 IST" duration-ms="2600" status="PASS">
          <reporter-output>
          </reporter-output>
        </test-method> <!-- verifyTitle -->
      </class> <!-- TestQuestions.NewLoginTest -->
    </test> <!-- Default test -->
  </suite> <!-- Default suite -->
</testng-results>
